
> login@0.0.0 start /home/ubuntu/codingTest/login
> node ./bin/www

Executing (default): CREATE TABLE IF NOT EXISTS `users` (`name` VARCHAR(255) NOT NULL, `id` VARCHAR(255) NOT NULL , `password` VARCHAR(255) NOT NULL, `salt` VARCHAR(255), `createdAt` DATETIME NOT NULL, `updatedAt` DATETIME NOT NULL, PRIMARY KEY (`id`)) ENGINE=InnoDB DEFAULT CHARSET=utf8 COLLATE utf8_genral_ci;
연결 실패
{ SequelizeDatabaseError: Unknown collation: 'utf8_genral_ci'
    at Query.formatError (/home/ubuntu/codingTest/login/node_modules/sequelize/lib/dialects/mysql/query.js:239:16)
    at Query.run (/home/ubuntu/codingTest/login/node_modules/sequelize/lib/dialects/mysql/query.js:54:18)
    at <anonymous>
    at process._tickCallback (internal/process/next_tick.js:188:7)
  name: 'SequelizeDatabaseError',
  parent: 
   { Error: Unknown collation: 'utf8_genral_ci'
    at Packet.asError (/home/ubuntu/codingTest/login/node_modules/mysql2/lib/packets/packet.js:712:17)
    at Query.execute (/home/ubuntu/codingTest/login/node_modules/mysql2/lib/commands/command.js:28:26)
    at Connection.handlePacket (/home/ubuntu/codingTest/login/node_modules/mysql2/lib/connection.js:417:32)
    at PacketParser.Connection.packetParser.p [as onPacket] (/home/ubuntu/codingTest/login/node_modules/mysql2/lib/connection.js:75:12)
    at PacketParser.executeStart (/home/ubuntu/codingTest/login/node_modules/mysql2/lib/packet_parser.js:75:16)
    at Socket.Connection.stream.on.data (/home/ubuntu/codingTest/login/node_modules/mysql2/lib/connection.js:82:25)
    at emitOne (events.js:116:13)
    at Socket.emit (events.js:211:7)
    at addChunk (_stream_readable.js:263:12)
    at readableAddChunk (_stream_readable.js:250:11)
     code: 'ER_UNKNOWN_COLLATION',
     errno: 1273,
     sqlState: 'HY000',
     sqlMessage: 'Unknown collation: \'utf8_genral_ci\'',
     sql: 'CREATE TABLE IF NOT EXISTS `users` (`name` VARCHAR(255) NOT NULL, `id` VARCHAR(255) NOT NULL , `password` VARCHAR(255) NOT NULL, `salt` VARCHAR(255), `createdAt` DATETIME NOT NULL, `updatedAt` DATETIME NOT NULL, PRIMARY KEY (`id`)) ENGINE=InnoDB DEFAULT CHARSET=utf8 COLLATE utf8_genral_ci;',
     parameters: undefined },
  original: 
   { Error: Unknown collation: 'utf8_genral_ci'
    at Packet.asError (/home/ubuntu/codingTest/login/node_modules/mysql2/lib/packets/packet.js:712:17)
    at Query.execute (/home/ubuntu/codingTest/login/node_modules/mysql2/lib/commands/command.js:28:26)
    at Connection.handlePacket (/home/ubuntu/codingTest/login/node_modules/mysql2/lib/connection.js:417:32)
    at PacketParser.Connection.packetParser.p [as onPacket] (/home/ubuntu/codingTest/login/node_modules/mysql2/lib/connection.js:75:12)
    at PacketParser.executeStart (/home/ubuntu/codingTest/login/node_modules/mysql2/lib/packet_parser.js:75:16)
    at Socket.Connection.stream.on.data (/home/ubuntu/codingTest/login/node_modules/mysql2/lib/connection.js:82:25)
    at emitOne (events.js:116:13)
    at Socket.emit (events.js:211:7)
    at addChunk (_stream_readable.js:263:12)
    at readableAddChunk (_stream_readable.js:250:11)
     code: 'ER_UNKNOWN_COLLATION',
     errno: 1273,
     sqlState: 'HY000',
     sqlMessage: 'Unknown collation: \'utf8_genral_ci\'',
     sql: 'CREATE TABLE IF NOT EXISTS `users` (`name` VARCHAR(255) NOT NULL, `id` VARCHAR(255) NOT NULL , `password` VARCHAR(255) NOT NULL, `salt` VARCHAR(255), `createdAt` DATETIME NOT NULL, `updatedAt` DATETIME NOT NULL, PRIMARY KEY (`id`)) ENGINE=InnoDB DEFAULT CHARSET=utf8 COLLATE utf8_genral_ci;',
     parameters: undefined },
  sql: 'CREATE TABLE IF NOT EXISTS `users` (`name` VARCHAR(255) NOT NULL, `id` VARCHAR(255) NOT NULL , `password` VARCHAR(255) NOT NULL, `salt` VARCHAR(255), `createdAt` DATETIME NOT NULL, `updatedAt` DATETIME NOT NULL, PRIMARY KEY (`id`)) ENGINE=InnoDB DEFAULT CHARSET=utf8 COLLATE utf8_genral_ci;',
  parameters: undefined }
Executing (default): CREATE TABLE IF NOT EXISTS `users` (`name` VARCHAR(255) NOT NULL, `id` VARCHAR(255) NOT NULL , `password` VARCHAR(255) NOT NULL, `salt` VARCHAR(255), `createdAt` DATETIME NOT NULL, `updatedAt` DATETIME NOT NULL, PRIMARY KEY (`id`)) ENGINE=InnoDB DEFAULT CHARSET=utf8 COLLATE utf8_genral_ci;
연결 실패
{ SequelizeDatabaseError: Unknown collation: 'utf8_genral_ci'
    at Query.formatError (/home/ubuntu/codingTest/login/node_modules/sequelize/lib/dialects/mysql/query.js:239:16)
    at Query.run (/home/ubuntu/codingTest/login/node_modules/sequelize/lib/dialects/mysql/query.js:54:18)
    at <anonymous>
    at process._tickCallback (internal/process/next_tick.js:188:7)
  name: 'SequelizeDatabaseError',
  parent: 
   { Error: Unknown collation: 'utf8_genral_ci'
    at Packet.asError (/home/ubuntu/codingTest/login/node_modules/mysql2/lib/packets/packet.js:712:17)
    at Query.execute (/home/ubuntu/codingTest/login/node_modules/mysql2/lib/commands/command.js:28:26)
    at Connection.handlePacket (/home/ubuntu/codingTest/login/node_modules/mysql2/lib/connection.js:417:32)
    at PacketParser.Connection.packetParser.p [as onPacket] (/home/ubuntu/codingTest/login/node_modules/mysql2/lib/connection.js:75:12)
    at PacketParser.executeStart (/home/ubuntu/codingTest/login/node_modules/mysql2/lib/packet_parser.js:75:16)
    at Socket.Connection.stream.on.data (/home/ubuntu/codingTest/login/node_modules/mysql2/lib/connection.js:82:25)
    at emitOne (events.js:116:13)
    at Socket.emit (events.js:211:7)
    at addChunk (_stream_readable.js:263:12)
    at readableAddChunk (_stream_readable.js:250:11)
     code: 'ER_UNKNOWN_COLLATION',
     errno: 1273,
     sqlState: 'HY000',
     sqlMessage: 'Unknown collation: \'utf8_genral_ci\'',
     sql: 'CREATE TABLE IF NOT EXISTS `users` (`name` VARCHAR(255) NOT NULL, `id` VARCHAR(255) NOT NULL , `password` VARCHAR(255) NOT NULL, `salt` VARCHAR(255), `createdAt` DATETIME NOT NULL, `updatedAt` DATETIME NOT NULL, PRIMARY KEY (`id`)) ENGINE=InnoDB DEFAULT CHARSET=utf8 COLLATE utf8_genral_ci;',
     parameters: undefined },
  original: 
   { Error: Unknown collation: 'utf8_genral_ci'
    at Packet.asError (/home/ubuntu/codingTest/login/node_modules/mysql2/lib/packets/packet.js:712:17)
    at Query.execute (/home/ubuntu/codingTest/login/node_modules/mysql2/lib/commands/command.js:28:26)
    at Connection.handlePacket (/home/ubuntu/codingTest/login/node_modules/mysql2/lib/connection.js:417:32)
    at PacketParser.Connection.packetParser.p [as onPacket] (/home/ubuntu/codingTest/login/node_modules/mysql2/lib/connection.js:75:12)
    at PacketParser.executeStart (/home/ubuntu/codingTest/login/node_modules/mysql2/lib/packet_parser.js:75:16)
    at Socket.Connection.stream.on.data (/home/ubuntu/codingTest/login/node_modules/mysql2/lib/connection.js:82:25)
    at emitOne (events.js:116:13)
    at Socket.emit (events.js:211:7)
    at addChunk (_stream_readable.js:263:12)
    at readableAddChunk (_stream_readable.js:250:11)
     code: 'ER_UNKNOWN_COLLATION',
     errno: 1273,
     sqlState: 'HY000',
     sqlMessage: 'Unknown collation: \'utf8_genral_ci\'',
     sql: 'CREATE TABLE IF NOT EXISTS `users` (`name` VARCHAR(255) NOT NULL, `id` VARCHAR(255) NOT NULL , `password` VARCHAR(255) NOT NULL, `salt` VARCHAR(255), `createdAt` DATETIME NOT NULL, `updatedAt` DATETIME NOT NULL, PRIMARY KEY (`id`)) ENGINE=InnoDB DEFAULT CHARSET=utf8 COLLATE utf8_genral_ci;',
     parameters: undefined },
  sql: 'CREATE TABLE IF NOT EXISTS `users` (`name` VARCHAR(255) NOT NULL, `id` VARCHAR(255) NOT NULL , `password` VARCHAR(255) NOT NULL, `salt` VARCHAR(255), `createdAt` DATETIME NOT NULL, `updatedAt` DATETIME NOT NULL, PRIMARY KEY (`id`)) ENGINE=InnoDB DEFAULT CHARSET=utf8 COLLATE utf8_genral_ci;',
  parameters: undefined }

> login@0.0.0 start /home/ubuntu/codingTest/login
> node ./bin/www

Executing (default): CREATE TABLE IF NOT EXISTS `users` (`name` VARCHAR(255) NOT NULL, `id` VARCHAR(255) NOT NULL , `password` VARCHAR(255) NOT NULL, `salt` VARCHAR(255), `createdAt` DATETIME NOT NULL, `updatedAt` DATETIME NOT NULL, PRIMARY KEY (`id`)) ENGINE=InnoDB DEFAULT CHARSET=utf8 COLLATE utf8_genral_ci;
연결 실패
{ SequelizeDatabaseError: Unknown collation: 'utf8_genral_ci'
    at Query.formatError (/home/ubuntu/codingTest/login/node_modules/sequelize/lib/dialects/mysql/query.js:239:16)
    at Query.run (/home/ubuntu/codingTest/login/node_modules/sequelize/lib/dialects/mysql/query.js:54:18)
    at <anonymous>
    at process._tickCallback (internal/process/next_tick.js:188:7)
  name: 'SequelizeDatabaseError',
  parent: 
   { Error: Unknown collation: 'utf8_genral_ci'
    at Packet.asError (/home/ubuntu/codingTest/login/node_modules/mysql2/lib/packets/packet.js:712:17)
    at Query.execute (/home/ubuntu/codingTest/login/node_modules/mysql2/lib/commands/command.js:28:26)
    at Connection.handlePacket (/home/ubuntu/codingTest/login/node_modules/mysql2/lib/connection.js:417:32)
    at PacketParser.Connection.packetParser.p [as onPacket] (/home/ubuntu/codingTest/login/node_modules/mysql2/lib/connection.js:75:12)
    at PacketParser.executeStart (/home/ubuntu/codingTest/login/node_modules/mysql2/lib/packet_parser.js:75:16)
    at Socket.Connection.stream.on.data (/home/ubuntu/codingTest/login/node_modules/mysql2/lib/connection.js:82:25)
    at emitOne (events.js:116:13)
    at Socket.emit (events.js:211:7)
    at addChunk (_stream_readable.js:263:12)
    at readableAddChunk (_stream_readable.js:250:11)
     code: 'ER_UNKNOWN_COLLATION',
     errno: 1273,
     sqlState: 'HY000',
     sqlMessage: 'Unknown collation: \'utf8_genral_ci\'',
     sql: 'CREATE TABLE IF NOT EXISTS `users` (`name` VARCHAR(255) NOT NULL, `id` VARCHAR(255) NOT NULL , `password` VARCHAR(255) NOT NULL, `salt` VARCHAR(255), `createdAt` DATETIME NOT NULL, `updatedAt` DATETIME NOT NULL, PRIMARY KEY (`id`)) ENGINE=InnoDB DEFAULT CHARSET=utf8 COLLATE utf8_genral_ci;',
     parameters: undefined },
  original: 
   { Error: Unknown collation: 'utf8_genral_ci'
    at Packet.asError (/home/ubuntu/codingTest/login/node_modules/mysql2/lib/packets/packet.js:712:17)
    at Query.execute (/home/ubuntu/codingTest/login/node_modules/mysql2/lib/commands/command.js:28:26)
    at Connection.handlePacket (/home/ubuntu/codingTest/login/node_modules/mysql2/lib/connection.js:417:32)
    at PacketParser.Connection.packetParser.p [as onPacket] (/home/ubuntu/codingTest/login/node_modules/mysql2/lib/connection.js:75:12)
    at PacketParser.executeStart (/home/ubuntu/codingTest/login/node_modules/mysql2/lib/packet_parser.js:75:16)
    at Socket.Connection.stream.on.data (/home/ubuntu/codingTest/login/node_modules/mysql2/lib/connection.js:82:25)
    at emitOne (events.js:116:13)
    at Socket.emit (events.js:211:7)
    at addChunk (_stream_readable.js:263:12)
    at readableAddChunk (_stream_readable.js:250:11)
     code: 'ER_UNKNOWN_COLLATION',
     errno: 1273,
     sqlState: 'HY000',
     sqlMessage: 'Unknown collation: \'utf8_genral_ci\'',
     sql: 'CREATE TABLE IF NOT EXISTS `users` (`name` VARCHAR(255) NOT NULL, `id` VARCHAR(255) NOT NULL , `password` VARCHAR(255) NOT NULL, `salt` VARCHAR(255), `createdAt` DATETIME NOT NULL, `updatedAt` DATETIME NOT NULL, PRIMARY KEY (`id`)) ENGINE=InnoDB DEFAULT CHARSET=utf8 COLLATE utf8_genral_ci;',
     parameters: undefined },
  sql: 'CREATE TABLE IF NOT EXISTS `users` (`name` VARCHAR(255) NOT NULL, `id` VARCHAR(255) NOT NULL , `password` VARCHAR(255) NOT NULL, `salt` VARCHAR(255), `createdAt` DATETIME NOT NULL, `updatedAt` DATETIME NOT NULL, PRIMARY KEY (`id`)) ENGINE=InnoDB DEFAULT CHARSET=utf8 COLLATE utf8_genral_ci;',
  parameters: undefined }
[0mGET /users/login [32m200 [0m17.363 ms - 636[0m
[0mGET /favicon.ico [33m404 [0m3.350 ms - 993[0m
[0mGET /users/login [36m304 [0m1.749 ms - -[0m
[0mGET /users/login [36m304 [0m1.090 ms - -[0m
[0mGET /users/login [36m304 [0m0.924 ms - -[0m
[0mPOST /users/login [31m500 [0m23.231 ms - 84[0m
[0mGET /users/login [36m304 [0m0.901 ms - -[0m
[0mGET /users/login [36m304 [0m0.951 ms - -[0m
[0mGET /users/login [36m304 [0m0.919 ms - -[0m
[0mGET /users/login [32m200 [0m1.003 ms - 636[0m
[0mGET /favicon.ico [33m404 [0m1.444 ms - 993[0m

> login@0.0.0 start /home/ubuntu/codingTest/login
> node ./bin/www

Executing (default): CREATE TABLE IF NOT EXISTS `users` (`name` VARCHAR(255) NOT NULL, `id` VARCHAR(255) NOT NULL , `password` VARCHAR(255) NOT NULL, `salt` VARCHAR(255), `createdAt` DATETIME NOT NULL, `updatedAt` DATETIME NOT NULL, PRIMARY KEY (`id`)) ENGINE=InnoDB DEFAULT CHARSET=utf8 COLLATE utf8_general_ci;
Executing (default): SHOW INDEX FROM `users` FROM `login`
 DB 연결 성공
[0mGET /users/login [36m304 [0m13.224 ms - -[0m
[0mGET /favicon.ico [33m404 [0m2.616 ms - 993[0m
[0mGET /users/login [36m304 [0m1.870 ms - -[0m
[0mGET /favicon.ico [33m404 [0m1.967 ms - 993[0m
Executing (default): SELECT `name`, `id`, `password`, `salt`, `createdAt`, `updatedAt` FROM `users` AS `user` WHERE `user`.`id` = 'abc';
비밀번호 일치
[0mPOST /users/login [32m200 [0m31.086 ms - 71[0m
[0mGET /users/userPage [36m304 [0m1.633 ms - -[0m
[0mGET /users/logout? [36m302 [0m1.604 ms - 68[0m
[0mGET /users/login [32m200 [0m1.089 ms - 636[0m
